<?xml version="1.0" encoding="UTF-8"?>
<testng-results ignored="0" total="1" passed="1" failed="0" skipped="0">
  <reporter-output>
  </reporter-output>
  <suite started-at="2022-03-15T13:20:35 IST" name="Default suite" finished-at="2022-03-15T13:20:35 IST" duration-ms="57">
    <groups>
    </groups>
    <test started-at="2022-03-15T13:20:35 IST" name="Default test" finished-at="2022-03-15T13:20:35 IST" duration-ms="57">
      <class name="Demo.ContactTest">
        <test-method signature="createContTest()[pri:0, instance:Demo.ContactTest@3972a855]" started-at="2022-03-15T13:20:35 IST" name="createContTest" finished-at="2022-03-15T13:20:35 IST" duration-ms="10" status="PASS">
          <reporter-output>
          </reporter-output>
        </test-method> <!-- createContTest -->
      </class> <!-- Demo.ContactTest -->
    </test> <!-- Default test -->
  </suite> <!-- Default suite -->
</testng-results>
